%!Adobe-FontList 1.24
%Locale:0x412

%BeginFont
Handler:DirectoryHandler
FontType:Invalid
OutlineFileName:C:\Users\endan\Desktop\새 폴더\bx\이빛나라\public\Font\Alta_caption.woff2
FileModTime:1741247133
%EndFont

%BeginFont
Handler:DirectoryHandler
FontType:Invalid
OutlineFileName:C:\Users\endan\Desktop\새 폴더\bx\이빛나라\public\Font\Alta_light.woff2
FileModTime:1741247138
%EndFont

%BeginFont
Handler:DirectoryHandler
FontType:Invalid
OutlineFileName:C:\Users\endan\Desktop\새 폴더\bx\이빛나라\public\Font\Alta_regular.woff2
FileModTime:1741247141
%EndFont

